ARM GAS  C:\Users\214016~1\AppData\Local\Temp\ccXvfsUt.s 			page 1


   1              		.syntax unified
   2              		.cpu cortex-m3
   3              		.fpu softvfp
   4              		.eabi_attribute 20, 1
   5              		.eabi_attribute 21, 1
   6              		.eabi_attribute 23, 3
   7              		.eabi_attribute 24, 1
   8              		.eabi_attribute 25, 1
   9              		.eabi_attribute 26, 1
  10              		.eabi_attribute 30, 6
  11              		.eabi_attribute 34, 1
  12              		.eabi_attribute 18, 4
  13              		.thumb
  14              		.file	"cymetadata.c"
  15              		.text
  16              	.Ltext0:
  17              		.cfi_sections	.debug_frame
  18              		.global	cy_meta_configecc
  19              		.section	.cyconfigecc,"a",%progbits
  20              		.align	2
  21              		.type	cy_meta_configecc, %object
  22              		.size	cy_meta_configecc, 684
  23              	cy_meta_configecc:
  24 0000 02       		.byte	2
  25 0001 52       		.byte	82
  26 0002 00       		.byte	0
  27 0003 40       		.byte	64
  28 0004 3E       		.byte	62
  29 0005 02       		.byte	2
  30 0006 01       		.byte	1
  31 0007 40       		.byte	64
  32 0008 1C       		.byte	28
  33 0009 03       		.byte	3
  34 000a 01       		.byte	1
  35 000b 40       		.byte	64
  36 000c 39       		.byte	57
  37 000d 04       		.byte	4
  38 000e 01       		.byte	1
  39 000f 40       		.byte	64
  40 0010 1A       		.byte	26
  41 0011 05       		.byte	5
  42 0012 01       		.byte	1
  43 0013 40       		.byte	64
  44 0014 36       		.byte	54
  45 0015 06       		.byte	6
  46 0016 01       		.byte	1
  47 0017 40       		.byte	64
  48 0018 14       		.byte	20
  49 0019 07       		.byte	7
  50 001a 01       		.byte	1
  51 001b 40       		.byte	64
  52 001c 01       		.byte	1
  53 001d 0D       		.byte	13
  54 001e 01       		.byte	1
  55 001f 40       		.byte	64
  56 0020 01       		.byte	1
  57 0021 15       		.byte	21
ARM GAS  C:\Users\214016~1\AppData\Local\Temp\ccXvfsUt.s 			page 2


  58 0022 01       		.byte	1
  59 0023 40       		.byte	64
  60 0024 01       		.byte	1
  61 0025 1B       		.byte	27
  62 0026 01       		.byte	1
  63 0027 40       		.byte	64
  64 0028 02       		.byte	2
  65 0029 40       		.byte	64
  66 002a 01       		.byte	1
  67 002b 40       		.byte	64
  68 002c 06       		.byte	6
  69 002d 41       		.byte	65
  70 002e 01       		.byte	1
  71 002f 40       		.byte	64
  72 0030 05       		.byte	5
  73 0031 42       		.byte	66
  74 0032 01       		.byte	1
  75 0033 40       		.byte	64
  76 0034 02       		.byte	2
  77 0035 43       		.byte	67
  78 0036 01       		.byte	1
  79 0037 40       		.byte	64
  80 0038 02       		.byte	2
  81 0039 44       		.byte	68
  82 003a 01       		.byte	1
  83 003b 40       		.byte	64
  84 003c 02       		.byte	2
  85 003d 45       		.byte	69
  86 003e 01       		.byte	1
  87 003f 40       		.byte	64
  88 0040 02       		.byte	2
  89 0041 46       		.byte	70
  90 0042 01       		.byte	1
  91 0043 40       		.byte	64
  92 0044 01       		.byte	1
  93 0045 47       		.byte	71
  94 0046 01       		.byte	1
  95 0047 40       		.byte	64
  96 0048 02       		.byte	2
  97 0049 48       		.byte	72
  98 004a 01       		.byte	1
  99 004b 40       		.byte	64
 100 004c 01       		.byte	1
 101 004d 49       		.byte	73
 102 004e 01       		.byte	1
 103 004f 40       		.byte	64
 104 0050 01       		.byte	1
 105 0051 4C       		.byte	76
 106 0052 01       		.byte	1
 107 0053 40       		.byte	64
 108 0054 02       		.byte	2
 109 0055 4D       		.byte	77
 110 0056 01       		.byte	1
 111 0057 40       		.byte	64
 112 0058 03       		.byte	3
 113 0059 50       		.byte	80
 114 005a 01       		.byte	1
ARM GAS  C:\Users\214016~1\AppData\Local\Temp\ccXvfsUt.s 			page 3


 115 005b 40       		.byte	64
 116 005c 01       		.byte	1
 117 005d 51       		.byte	81
 118 005e 01       		.byte	1
 119 005f 40       		.byte	64
 120 0060 04       		.byte	4
 121 0061 06       		.byte	6
 122 0062 64       		.byte	100
 123 0063 08       		.byte	8
 124 0064 24       		.byte	36
 125 0065 01       		.byte	1
 126 0066 34       		.byte	52
 127 0067 01       		.byte	1
 128 0068 38       		.byte	56
 129 0069 02       		.byte	2
 130 006a 3E       		.byte	62
 131 006b 11       		.byte	17
 132 006c 41       		.byte	65
 133 006d 04       		.byte	4
 134 006e 44       		.byte	68
 135 006f 02       		.byte	2
 136 0070 46       		.byte	70
 137 0071 0B       		.byte	11
 138 0072 48       		.byte	72
 139 0073 04       		.byte	4
 140 0074 49       		.byte	73
 141 0075 FF       		.byte	-1
 142 0076 4A       		.byte	74
 143 0077 FF       		.byte	-1
 144 0078 4B       		.byte	75
 145 0079 FF       		.byte	-1
 146 007a 4C       		.byte	76
 147 007b EF       		.byte	-17
 148 007c 4D       		.byte	77
 149 007d 55       		.byte	85
 150 007e 4E       		.byte	78
 151 007f 10       		.byte	16
 152 0080 4F       		.byte	79
 153 0081 48       		.byte	72
 154 0082 50       		.byte	80
 155 0083 1C       		.byte	28
 156 0084 52       		.byte	82
 157 0085 01       		.byte	1
 158 0086 58       		.byte	88
 159 0087 04       		.byte	4
 160 0088 5A       		.byte	90
 161 0089 0B       		.byte	11
 162 008a 5B       		.byte	91
 163 008b 0B       		.byte	11
 164 008c 5D       		.byte	93
 165 008d 99       		.byte	-103
 166 008e 5F       		.byte	95
 167 008f 01       		.byte	1
 168 0090 61       		.byte	97
 169 0091 08       		.byte	8
 170 0092 63       		.byte	99
 171 0093 08       		.byte	8
ARM GAS  C:\Users\214016~1\AppData\Local\Temp\ccXvfsUt.s 			page 4


 172 0094 65       		.byte	101
 173 0095 08       		.byte	8
 174 0096 67       		.byte	103
 175 0097 08       		.byte	8
 176 0098 68       		.byte	104
 177 0099 50       		.byte	80
 178 009a 69       		.byte	105
 179 009b 0A       		.byte	10
 180 009c 6A       		.byte	106
 181 009d 40       		.byte	64
 182 009e 6B       		.byte	107
 183 009f A8       		.byte	-88
 184 00a0 6C       		.byte	108
 185 00a1 C0       		.byte	-64
 186 00a2 6E       		.byte	110
 187 00a3 40       		.byte	64
 188 00a4 6F       		.byte	111
 189 00a5 A8       		.byte	-88
 190 00a6 C1       		.byte	-63
 191 00a7 05       		.byte	5
 192 00a8 C4       		.byte	-60
 193 00a9 02       		.byte	2
 194 00aa C5       		.byte	-59
 195 00ab C0       		.byte	-64
 196 00ac C6       		.byte	-58
 197 00ad DE       		.byte	-34
 198 00ae C7       		.byte	-57
 199 00af 0F       		.byte	15
 200 00b0 C8       		.byte	-56
 201 00b1 1E       		.byte	30
 202 00b2 C9       		.byte	-55
 203 00b3 FF       		.byte	-1
 204 00b4 CA       		.byte	-54
 205 00b5 FF       		.byte	-1
 206 00b6 CB       		.byte	-53
 207 00b7 FF       		.byte	-1
 208 00b8 CC       		.byte	-52
 209 00b9 EA       		.byte	-22
 210 00ba CD       		.byte	-51
 211 00bb 55       		.byte	85
 212 00bc CE       		.byte	-50
 213 00bd 92       		.byte	-110
 214 00be CF       		.byte	-49
 215 00bf 48       		.byte	72
 216 00c0 D0       		.byte	-48
 217 00c1 1C       		.byte	28
 218 00c2 DA       		.byte	-38
 219 00c3 0B       		.byte	11
 220 00c4 DB       		.byte	-37
 221 00c5 0B       		.byte	11
 222 00c6 DD       		.byte	-35
 223 00c7 99       		.byte	-103
 224 00c8 DF       		.byte	-33
 225 00c9 01       		.byte	1
 226 00ca E1       		.byte	-31
 227 00cb 08       		.byte	8
 228 00cc E3       		.byte	-29
ARM GAS  C:\Users\214016~1\AppData\Local\Temp\ccXvfsUt.s 			page 5


 229 00cd 08       		.byte	8
 230 00ce E5       		.byte	-27
 231 00cf 08       		.byte	8
 232 00d0 E7       		.byte	-25
 233 00d1 08       		.byte	8
 234 00d2 E8       		.byte	-24
 235 00d3 50       		.byte	80
 236 00d4 E9       		.byte	-23
 237 00d5 0A       		.byte	10
 238 00d6 EA       		.byte	-22
 239 00d7 40       		.byte	64
 240 00d8 EB       		.byte	-21
 241 00d9 A8       		.byte	-88
 242 00da EC       		.byte	-20
 243 00db C0       		.byte	-64
 244 00dc EE       		.byte	-18
 245 00dd 40       		.byte	64
 246 00de EF       		.byte	-17
 247 00df A8       		.byte	-88
 248 00e0 16       		.byte	22
 249 00e1 20       		.byte	32
 250 00e2 1C       		.byte	28
 251 00e3 08       		.byte	8
 252 00e4 1F       		.byte	31
 253 00e5 02       		.byte	2
 254 00e6 40       		.byte	64
 255 00e7 08       		.byte	8
 256 00e8 44       		.byte	68
 257 00e9 08       		.byte	8
 258 00ea 47       		.byte	71
 259 00eb 01       		.byte	1
 260 00ec 48       		.byte	72
 261 00ed 02       		.byte	2
 262 00ee 49       		.byte	73
 263 00ef 01       		.byte	1
 264 00f0 51       		.byte	81
 265 00f1 88       		.byte	-120
 266 00f2 52       		.byte	82
 267 00f3 10       		.byte	16
 268 00f4 56       		.byte	86
 269 00f5 80       		.byte	-128
 270 00f6 57       		.byte	87
 271 00f7 40       		.byte	64
 272 00f8 59       		.byte	89
 273 00f9 01       		.byte	1
 274 00fa 61       		.byte	97
 275 00fb 88       		.byte	-120
 276 00fc 62       		.byte	98
 277 00fd 10       		.byte	16
 278 00fe 6C       		.byte	108
 279 00ff 02       		.byte	2
 280 0100 6F       		.byte	111
 281 0101 01       		.byte	1
 282 0102 7B       		.byte	123
 283 0103 80       		.byte	-128
 284 0104 7F       		.byte	127
 285 0105 80       		.byte	-128
ARM GAS  C:\Users\214016~1\AppData\Local\Temp\ccXvfsUt.s 			page 6


 286 0106 84       		.byte	-124
 287 0107 04       		.byte	4
 288 0108 A7       		.byte	-89
 289 0109 02       		.byte	2
 290 010a B3       		.byte	-77
 291 010b 02       		.byte	2
 292 010c C4       		.byte	-60
 293 010d 20       		.byte	32
 294 010e D0       		.byte	-48
 295 010f A4       		.byte	-92
 296 0110 D2       		.byte	-46
 297 0111 08       		.byte	8
 298 0112 D6       		.byte	-42
 299 0113 01       		.byte	1
 300 0114 D8       		.byte	-40
 301 0115 0E       		.byte	14
 302 0116 DE       		.byte	-34
 303 0117 81       		.byte	-127
 304 0118 41       		.byte	65
 305 0119 05       		.byte	5
 306 011a 44       		.byte	68
 307 011b 04       		.byte	4
 308 011c 47       		.byte	71
 309 011d 0B       		.byte	11
 310 011e 48       		.byte	72
 311 011f 10       		.byte	16
 312 0120 49       		.byte	73
 313 0121 FF       		.byte	-1
 314 0122 4A       		.byte	74
 315 0123 FF       		.byte	-1
 316 0124 4B       		.byte	75
 317 0125 FF       		.byte	-1
 318 0126 4C       		.byte	76
 319 0127 EF       		.byte	-17
 320 0128 4D       		.byte	77
 321 0129 55       		.byte	85
 322 012a 4E       		.byte	78
 323 012b 60       		.byte	96
 324 012c 4F       		.byte	79
 325 012d 48       		.byte	72
 326 012e 50       		.byte	80
 327 012f 1C       		.byte	28
 328 0130 52       		.byte	82
 329 0131 01       		.byte	1
 330 0132 5A       		.byte	90
 331 0133 0B       		.byte	11
 332 0134 5B       		.byte	91
 333 0135 0B       		.byte	11
 334 0136 5D       		.byte	93
 335 0137 99       		.byte	-103
 336 0138 5F       		.byte	95
 337 0139 01       		.byte	1
 338 013a 61       		.byte	97
 339 013b 08       		.byte	8
 340 013c 63       		.byte	99
 341 013d 08       		.byte	8
 342 013e 65       		.byte	101
ARM GAS  C:\Users\214016~1\AppData\Local\Temp\ccXvfsUt.s 			page 7


 343 013f 08       		.byte	8
 344 0140 67       		.byte	103
 345 0141 08       		.byte	8
 346 0142 68       		.byte	104
 347 0143 50       		.byte	80
 348 0144 69       		.byte	105
 349 0145 0A       		.byte	10
 350 0146 6A       		.byte	106
 351 0147 40       		.byte	64
 352 0148 6B       		.byte	107
 353 0149 A8       		.byte	-88
 354 014a 6C       		.byte	108
 355 014b C0       		.byte	-64
 356 014c 6E       		.byte	110
 357 014d 40       		.byte	64
 358 014e 6F       		.byte	111
 359 014f A8       		.byte	-88
 360 0150 C1       		.byte	-63
 361 0151 04       		.byte	4
 362 0152 C4       		.byte	-60
 363 0153 05       		.byte	5
 364 0154 C5       		.byte	-59
 365 0155 0D       		.byte	13
 366 0156 C6       		.byte	-58
 367 0157 0E       		.byte	14
 368 0158 C7       		.byte	-57
 369 0159 CF       		.byte	-49
 370 015a C8       		.byte	-56
 371 015b 35       		.byte	53
 372 015c C9       		.byte	-55
 373 015d FF       		.byte	-1
 374 015e CA       		.byte	-54
 375 015f FF       		.byte	-1
 376 0160 CB       		.byte	-53
 377 0161 FF       		.byte	-1
 378 0162 CC       		.byte	-52
 379 0163 EA       		.byte	-22
 380 0164 CD       		.byte	-51
 381 0165 55       		.byte	85
 382 0166 CE       		.byte	-50
 383 0167 E2       		.byte	-30
 384 0168 CF       		.byte	-49
 385 0169 48       		.byte	72
 386 016a D0       		.byte	-48
 387 016b 1C       		.byte	28
 388 016c DA       		.byte	-38
 389 016d 0B       		.byte	11
 390 016e DB       		.byte	-37
 391 016f 0B       		.byte	11
 392 0170 DD       		.byte	-35
 393 0171 99       		.byte	-103
 394 0172 DF       		.byte	-33
 395 0173 01       		.byte	1
 396 0174 E1       		.byte	-31
 397 0175 08       		.byte	8
 398 0176 E3       		.byte	-29
 399 0177 08       		.byte	8
ARM GAS  C:\Users\214016~1\AppData\Local\Temp\ccXvfsUt.s 			page 8


 400 0178 E5       		.byte	-27
 401 0179 08       		.byte	8
 402 017a E7       		.byte	-25
 403 017b 08       		.byte	8
 404 017c E8       		.byte	-24
 405 017d 50       		.byte	80
 406 017e E9       		.byte	-23
 407 017f 0A       		.byte	10
 408 0180 EA       		.byte	-22
 409 0181 40       		.byte	64
 410 0182 EB       		.byte	-21
 411 0183 A8       		.byte	-88
 412 0184 EC       		.byte	-20
 413 0185 C0       		.byte	-64
 414 0186 EE       		.byte	-18
 415 0187 40       		.byte	64
 416 0188 EF       		.byte	-17
 417 0189 A8       		.byte	-88
 418 018a 42       		.byte	66
 419 018b 80       		.byte	-128
 420 018c 47       		.byte	71
 421 018d 02       		.byte	2
 422 018e 48       		.byte	72
 423 018f 01       		.byte	1
 424 0190 4F       		.byte	79
 425 0191 84       		.byte	-124
 426 0192 50       		.byte	80
 427 0193 08       		.byte	8
 428 0194 56       		.byte	86
 429 0195 48       		.byte	72
 430 0196 57       		.byte	87
 431 0197 02       		.byte	2
 432 0198 5E       		.byte	94
 433 0199 02       		.byte	2
 434 019a 66       		.byte	102
 435 019b 48       		.byte	72
 436 019c 67       		.byte	103
 437 019d 04       		.byte	4
 438 019e 68       		.byte	104
 439 019f 01       		.byte	1
 440 01a0 6B       		.byte	107
 441 01a1 02       		.byte	2
 442 01a2 7A       		.byte	122
 443 01a3 01       		.byte	1
 444 01a4 7B       		.byte	123
 445 01a5 82       		.byte	-126
 446 01a6 7F       		.byte	127
 447 01a7 80       		.byte	-128
 448 01a8 9A       		.byte	-102
 449 01a9 80       		.byte	-128
 450 01aa A3       		.byte	-93
 451 01ab 40       		.byte	64
 452 01ac A7       		.byte	-89
 453 01ad 80       		.byte	-128
 454 01ae A8       		.byte	-88
 455 01af 08       		.byte	8
 456 01b0 B2       		.byte	-78
ARM GAS  C:\Users\214016~1\AppData\Local\Temp\ccXvfsUt.s 			page 9


 457 01b1 20       		.byte	32
 458 01b2 D0       		.byte	-48
 459 01b3 81       		.byte	-127
 460 01b4 D2       		.byte	-46
 461 01b5 18       		.byte	24
 462 01b6 D6       		.byte	-42
 463 01b7 80       		.byte	-128
 464 01b8 D8       		.byte	-40
 465 01b9 70       		.byte	112
 466 01ba DE       		.byte	-34
 467 01bb 81       		.byte	-127
 468 01bc EC       		.byte	-20
 469 01bd 80       		.byte	-128
 470 01be 41       		.byte	65
 471 01bf 04       		.byte	4
 472 01c0 44       		.byte	68
 473 01c1 06       		.byte	6
 474 01c2 49       		.byte	73
 475 01c3 FF       		.byte	-1
 476 01c4 4A       		.byte	74
 477 01c5 FF       		.byte	-1
 478 01c6 4B       		.byte	75
 479 01c7 FF       		.byte	-1
 480 01c8 4C       		.byte	76
 481 01c9 EF       		.byte	-17
 482 01ca 4D       		.byte	77
 483 01cb 55       		.byte	85
 484 01cc 4E       		.byte	78
 485 01cd 60       		.byte	96
 486 01ce 4F       		.byte	79
 487 01cf 48       		.byte	72
 488 01d0 50       		.byte	80
 489 01d1 1C       		.byte	28
 490 01d2 5A       		.byte	90
 491 01d3 0B       		.byte	11
 492 01d4 5D       		.byte	93
 493 01d5 09       		.byte	9
 494 01d6 5F       		.byte	95
 495 01d7 01       		.byte	1
 496 01d8 61       		.byte	97
 497 01d9 08       		.byte	8
 498 01da 63       		.byte	99
 499 01db 08       		.byte	8
 500 01dc 65       		.byte	101
 501 01dd 08       		.byte	8
 502 01de 67       		.byte	103
 503 01df 08       		.byte	8
 504 01e0 68       		.byte	104
 505 01e1 50       		.byte	80
 506 01e2 69       		.byte	105
 507 01e3 0A       		.byte	10
 508 01e4 6A       		.byte	106
 509 01e5 40       		.byte	64
 510 01e6 6B       		.byte	107
 511 01e7 A8       		.byte	-88
 512 01e8 6C       		.byte	108
 513 01e9 C0       		.byte	-64
ARM GAS  C:\Users\214016~1\AppData\Local\Temp\ccXvfsUt.s 			page 10


 514 01ea 6E       		.byte	110
 515 01eb 40       		.byte	64
 516 01ec 6F       		.byte	111
 517 01ed A8       		.byte	-88
 518 01ee C1       		.byte	-63
 519 01ef 04       		.byte	4
 520 01f0 C4       		.byte	-60
 521 01f1 06       		.byte	6
 522 01f2 C5       		.byte	-59
 523 01f3 C0       		.byte	-64
 524 01f4 C6       		.byte	-58
 525 01f5 DE       		.byte	-34
 526 01f6 C7       		.byte	-57
 527 01f7 0F       		.byte	15
 528 01f8 C8       		.byte	-56
 529 01f9 1E       		.byte	30
 530 01fa C9       		.byte	-55
 531 01fb FF       		.byte	-1
 532 01fc CA       		.byte	-54
 533 01fd FF       		.byte	-1
 534 01fe CB       		.byte	-53
 535 01ff FF       		.byte	-1
 536 0200 CC       		.byte	-52
 537 0201 EA       		.byte	-22
 538 0202 CD       		.byte	-51
 539 0203 55       		.byte	85
 540 0204 CE       		.byte	-50
 541 0205 E2       		.byte	-30
 542 0206 CF       		.byte	-49
 543 0207 48       		.byte	72
 544 0208 D0       		.byte	-48
 545 0209 1C       		.byte	28
 546 020a D2       		.byte	-46
 547 020b 01       		.byte	1
 548 020c DA       		.byte	-38
 549 020d 0B       		.byte	11
 550 020e DB       		.byte	-37
 551 020f 0B       		.byte	11
 552 0210 DD       		.byte	-35
 553 0211 99       		.byte	-103
 554 0212 DF       		.byte	-33
 555 0213 01       		.byte	1
 556 0214 E1       		.byte	-31
 557 0215 08       		.byte	8
 558 0216 E3       		.byte	-29
 559 0217 08       		.byte	8
 560 0218 E5       		.byte	-27
 561 0219 08       		.byte	8
 562 021a E7       		.byte	-25
 563 021b 08       		.byte	8
 564 021c E8       		.byte	-24
 565 021d 50       		.byte	80
 566 021e E9       		.byte	-23
 567 021f 0A       		.byte	10
 568 0220 EA       		.byte	-22
 569 0221 40       		.byte	64
 570 0222 EB       		.byte	-21
ARM GAS  C:\Users\214016~1\AppData\Local\Temp\ccXvfsUt.s 			page 11


 571 0223 A8       		.byte	-88
 572 0224 EC       		.byte	-20
 573 0225 C0       		.byte	-64
 574 0226 EE       		.byte	-18
 575 0227 40       		.byte	64
 576 0228 EF       		.byte	-17
 577 0229 A8       		.byte	-88
 578 022a 42       		.byte	66
 579 022b 40       		.byte	64
 580 022c 47       		.byte	71
 581 022d 02       		.byte	2
 582 022e 48       		.byte	72
 583 022f 08       		.byte	8
 584 0230 49       		.byte	73
 585 0231 01       		.byte	1
 586 0232 4C       		.byte	76
 587 0233 08       		.byte	8
 588 0234 51       		.byte	81
 589 0235 A8       		.byte	-88
 590 0236 59       		.byte	89
 591 0237 01       		.byte	1
 592 0238 61       		.byte	97
 593 0239 A8       		.byte	-88
 594 023a 6A       		.byte	106
 595 023b 40       		.byte	64
 596 023c 6B       		.byte	107
 597 023d 02       		.byte	2
 598 023e 7B       		.byte	123
 599 023f 80       		.byte	-128
 600 0240 7F       		.byte	127
 601 0241 80       		.byte	-128
 602 0242 A0       		.byte	-96
 603 0243 08       		.byte	8
 604 0244 A3       		.byte	-93
 605 0245 80       		.byte	-128
 606 0246 AB       		.byte	-85
 607 0247 80       		.byte	-128
 608 0248 D0       		.byte	-48
 609 0249 81       		.byte	-127
 610 024a D2       		.byte	-46
 611 024b 24       		.byte	36
 612 024c D6       		.byte	-42
 613 024d 01       		.byte	1
 614 024e D8       		.byte	-40
 615 024f 0E       		.byte	14
 616 0250 DE       		.byte	-34
 617 0251 81       		.byte	-127
 618 0252 EC       		.byte	-20
 619 0253 80       		.byte	-128
 620 0254 EC       		.byte	-20
 621 0255 10       		.byte	16
 622 0256 EC       		.byte	-20
 623 0257 10       		.byte	16
 624 0258 3F       		.byte	63
 625 0259 40       		.byte	64
 626 025a CE       		.byte	-50
 627 025b 20       		.byte	32
ARM GAS  C:\Users\214016~1\AppData\Local\Temp\ccXvfsUt.s 			page 12


 628 025c 01       		.byte	1
 629 025d 40       		.byte	64
 630 025e 06       		.byte	6
 631 025f 40       		.byte	64
 632 0260 87       		.byte	-121
 633 0261 40       		.byte	64
 634 0262 97       		.byte	-105
 635 0263 40       		.byte	64
 636 0264 C0       		.byte	-64
 637 0265 60       		.byte	96
 638 0266 E6       		.byte	-26
 639 0267 40       		.byte	64
 640 0268 05       		.byte	5
 641 0269 02       		.byte	2
 642 026a A9       		.byte	-87
 643 026b 40       		.byte	64
 644 026c B2       		.byte	-78
 645 026d 40       		.byte	64
 646 026e C0       		.byte	-64
 647 026f 20       		.byte	32
 648 0270 EC       		.byte	-20
 649 0271 20       		.byte	32
 650 0272 A9       		.byte	-87
 651 0273 02       		.byte	2
 652 0274 EC       		.byte	-20
 653 0275 20       		.byte	32
 654 0276 7D       		.byte	125
 655 0277 01       		.byte	1
 656 0278 DE       		.byte	-34
 657 0279 01       		.byte	1
 658 027a B1       		.byte	-79
 659 027b 01       		.byte	1
 660 027c EC       		.byte	-20
 661 027d 01       		.byte	1
 662 027e 45       		.byte	69
 663 027f 08       		.byte	8
 664 0280 D0       		.byte	-48
 665 0281 01       		.byte	1
 666 0282 A5       		.byte	-91
 667 0283 08       		.byte	8
 668 0284 25       		.byte	37
 669 0285 10       		.byte	16
 670 0286 C8       		.byte	-56
 671 0287 20       		.byte	32
 672 0288 B5       		.byte	-75
 673 0289 10       		.byte	16
 674 028a A5       		.byte	-91
 675 028b 08       		.byte	8
 676 028c B5       		.byte	-75
 677 028d 08       		.byte	8
 678 028e EC       		.byte	-20
 679 028f 08       		.byte	8
 680 0290 01       		.byte	1
 681 0291 01       		.byte	1
 682 0292 09       		.byte	9
 683 0293 01       		.byte	1
 684 0294 0B       		.byte	11
ARM GAS  C:\Users\214016~1\AppData\Local\Temp\ccXvfsUt.s 			page 13


 685 0295 01       		.byte	1
 686 0296 10       		.byte	16
 687 0297 02       		.byte	2
 688 0298 06       		.byte	6
 689 0299 00       		.byte	0
 690 029a 00       		.byte	0
 691 029b 00       		.byte	0
 692 029c 00       		.byte	0
 693 029d 00       		.byte	0
 694 029e 00       		.byte	0
 695 029f 00       		.byte	0
 696 02a0 08       		.byte	8
 697 02a1 00       		.byte	0
 698 02a2 00       		.byte	0
 699 02a3 00       		.byte	0
 700 02a4 00       		.byte	0
 701 02a5 00       		.byte	0
 702 02a6 00       		.byte	0
 703 02a7 00       		.byte	0
 704 02a8 25       		.byte	37
 705 02a9 00       		.byte	0
 706 02aa 18       		.byte	24
 707 02ab 01       		.byte	1
 708              		.global	cy_meta_custnvl
 709              		.section	.cycustnvl,"a",%progbits
 710              		.align	2
 711              		.type	cy_meta_custnvl, %object
 712              		.size	cy_meta_custnvl, 4
 713              	cy_meta_custnvl:
 714 0000 00       		.byte	0
 715 0001 00       		.byte	0
 716 0002 40       		.byte	64
 717 0003 05       		.byte	5
 718              		.global	cy_meta_wonvl
 719              		.section	.cywolatch,"a",%progbits
 720              		.align	2
 721              		.type	cy_meta_wonvl, %object
 722              		.size	cy_meta_wonvl, 4
 723              	cy_meta_wonvl:
 724 0000 BC       		.byte	-68
 725 0001 90       		.byte	-112
 726 0002 AC       		.byte	-84
 727 0003 AF       		.byte	-81
 728              		.global	cy_meta_flashprotect
 729              		.section	.cyflashprotect,"a",%progbits
 730              		.align	2
 731              		.type	cy_meta_flashprotect, %object
 732              		.size	cy_meta_flashprotect, 256
 733              	cy_meta_flashprotect:
 734 0000 00000000 		.space	256
 734      00000000 
 734      00000000 
 734      00000000 
 734      00000000 
 735              		.global	cy_metadata
 736              		.section	.cymeta,"a",%progbits
 737              		.align	2
ARM GAS  C:\Users\214016~1\AppData\Local\Temp\ccXvfsUt.s 			page 14


 738              		.type	cy_metadata, %object
 739              		.size	cy_metadata, 12
 740              	cy_metadata:
 741 0000 00       		.byte	0
 742 0001 01       		.byte	1
 743 0002 2E       		.byte	46
 744 0003 12       		.byte	18
 745 0004 70       		.byte	112
 746 0005 69       		.byte	105
 747 0006 00       		.byte	0
 748 0007 01       		.byte	1
 749 0008 00       		.byte	0
 750 0009 00       		.byte	0
 751 000a 00       		.byte	0
 752 000b 00       		.byte	0
 753              		.text
 754              	.Letext0:
 755              		.file 1 ".\\Generated_Source\\PSoC5\\cymetadata.c"
 756              		.file 2 ".\\Generated_Source\\PSoC5\\cytypes.h"
 757              		.section	.debug_info,"",%progbits
 758              	.Ldebug_info0:
 759 0000 3B010000 		.4byte	0x13b
 760 0004 0200     		.2byte	0x2
 761 0006 00000000 		.4byte	.Ldebug_abbrev0
 762 000a 04       		.byte	0x4
 763 000b 01       		.uleb128 0x1
 764 000c 49010000 		.4byte	.LASF18
 765 0010 01       		.byte	0x1
 766 0011 42000000 		.4byte	.LASF19
 767 0015 00000000 		.4byte	.LASF20
 768 0019 00000000 		.4byte	.Ldebug_line0
 769 001d 02       		.uleb128 0x2
 770 001e 01       		.byte	0x1
 771 001f 06       		.byte	0x6
 772 0020 9B010000 		.4byte	.LASF0
 773 0024 02       		.uleb128 0x2
 774 0025 01       		.byte	0x1
 775 0026 08       		.byte	0x8
 776 0027 7A000000 		.4byte	.LASF1
 777 002b 02       		.uleb128 0x2
 778 002c 02       		.byte	0x2
 779 002d 05       		.byte	0x5
 780 002e 39010000 		.4byte	.LASF2
 781 0032 02       		.uleb128 0x2
 782 0033 02       		.byte	0x2
 783 0034 07       		.byte	0x7
 784 0035 9A000000 		.4byte	.LASF3
 785 0039 02       		.uleb128 0x2
 786 003a 04       		.byte	0x4
 787 003b 05       		.byte	0x5
 788 003c 92010000 		.4byte	.LASF4
 789 0040 02       		.uleb128 0x2
 790 0041 04       		.byte	0x4
 791 0042 07       		.byte	0x7
 792 0043 88000000 		.4byte	.LASF5
 793 0047 02       		.uleb128 0x2
 794 0048 08       		.byte	0x8
ARM GAS  C:\Users\214016~1\AppData\Local\Temp\ccXvfsUt.s 			page 15


 795 0049 05       		.byte	0x5
 796 004a 26010000 		.4byte	.LASF6
 797 004e 02       		.uleb128 0x2
 798 004f 08       		.byte	0x8
 799 0050 07       		.byte	0x7
 800 0051 E3000000 		.4byte	.LASF7
 801 0055 03       		.uleb128 0x3
 802 0056 04       		.byte	0x4
 803 0057 05       		.byte	0x5
 804 0058 696E7400 		.ascii	"int\000"
 805 005c 02       		.uleb128 0x2
 806 005d 04       		.byte	0x4
 807 005e 07       		.byte	0x7
 808 005f D6000000 		.4byte	.LASF8
 809 0063 04       		.uleb128 0x4
 810 0064 43010000 		.4byte	.LASF21
 811 0068 02       		.byte	0x2
 812 0069 5B       		.byte	0x5b
 813 006a 24000000 		.4byte	0x24
 814 006e 02       		.uleb128 0x2
 815 006f 04       		.byte	0x4
 816 0070 04       		.byte	0x4
 817 0071 74000000 		.4byte	.LASF9
 818 0075 02       		.uleb128 0x2
 819 0076 08       		.byte	0x8
 820 0077 04       		.byte	0x4
 821 0078 AD000000 		.4byte	.LASF10
 822 007c 02       		.uleb128 0x2
 823 007d 01       		.byte	0x1
 824 007e 08       		.byte	0x8
 825 007f 34010000 		.4byte	.LASF11
 826 0083 05       		.uleb128 0x5
 827 0084 63000000 		.4byte	0x63
 828 0088 94000000 		.4byte	0x94
 829 008c 06       		.uleb128 0x6
 830 008d 94000000 		.4byte	0x94
 831 0091 AB02     		.2byte	0x2ab
 832 0093 00       		.byte	0
 833 0094 02       		.uleb128 0x2
 834 0095 04       		.byte	0x4
 835 0096 07       		.byte	0x7
 836 0097 1D010000 		.4byte	.LASF12
 837 009b 07       		.uleb128 0x7
 838 009c C4000000 		.4byte	.LASF13
 839 00a0 01       		.byte	0x1
 840 00a1 1C       		.byte	0x1c
 841 00a2 AD000000 		.4byte	0xad
 842 00a6 01       		.byte	0x1
 843 00a7 05       		.byte	0x5
 844 00a8 03       		.byte	0x3
 845 00a9 00000000 		.4byte	cy_meta_configecc
 846 00ad 08       		.uleb128 0x8
 847 00ae 83000000 		.4byte	0x83
 848 00b2 05       		.uleb128 0x5
 849 00b3 63000000 		.4byte	0x63
 850 00b7 C2000000 		.4byte	0xc2
 851 00bb 09       		.uleb128 0x9
ARM GAS  C:\Users\214016~1\AppData\Local\Temp\ccXvfsUt.s 			page 16


 852 00bc 94000000 		.4byte	0x94
 853 00c0 03       		.byte	0x3
 854 00c1 00       		.byte	0
 855 00c2 07       		.uleb128 0x7
 856 00c3 B4000000 		.4byte	.LASF14
 857 00c7 01       		.byte	0x1
 858 00c8 7C       		.byte	0x7c
 859 00c9 D4000000 		.4byte	0xd4
 860 00cd 01       		.byte	0x1
 861 00ce 05       		.byte	0x5
 862 00cf 03       		.byte	0x3
 863 00d0 00000000 		.4byte	cy_meta_custnvl
 864 00d4 08       		.uleb128 0x8
 865 00d5 B2000000 		.4byte	0xb2
 866 00d9 07       		.uleb128 0x7
 867 00da 0F010000 		.4byte	.LASF15
 868 00de 01       		.byte	0x1
 869 00df 87       		.byte	0x87
 870 00e0 EB000000 		.4byte	0xeb
 871 00e4 01       		.byte	0x1
 872 00e5 05       		.byte	0x5
 873 00e6 03       		.byte	0x3
 874 00e7 00000000 		.4byte	cy_meta_wonvl
 875 00eb 08       		.uleb128 0x8
 876 00ec B2000000 		.4byte	0xb2
 877 00f0 05       		.uleb128 0x5
 878 00f1 63000000 		.4byte	0x63
 879 00f5 00010000 		.4byte	0x100
 880 00f9 09       		.uleb128 0x9
 881 00fa 94000000 		.4byte	0x94
 882 00fe FF       		.byte	0xff
 883 00ff 00       		.byte	0
 884 0100 07       		.uleb128 0x7
 885 0101 FA000000 		.4byte	.LASF16
 886 0105 01       		.byte	0x1
 887 0106 92       		.byte	0x92
 888 0107 12010000 		.4byte	0x112
 889 010b 01       		.byte	0x1
 890 010c 05       		.byte	0x5
 891 010d 03       		.byte	0x3
 892 010e 00000000 		.4byte	cy_meta_flashprotect
 893 0112 08       		.uleb128 0x8
 894 0113 F0000000 		.4byte	0xf0
 895 0117 05       		.uleb128 0x5
 896 0118 63000000 		.4byte	0x63
 897 011c 27010000 		.4byte	0x127
 898 0120 09       		.uleb128 0x9
 899 0121 94000000 		.4byte	0x94
 900 0125 0B       		.byte	0xb
 901 0126 00       		.byte	0
 902 0127 07       		.uleb128 0x7
 903 0128 68000000 		.4byte	.LASF17
 904 012c 01       		.byte	0x1
 905 012d BC       		.byte	0xbc
 906 012e 39010000 		.4byte	0x139
 907 0132 01       		.byte	0x1
 908 0133 05       		.byte	0x5
ARM GAS  C:\Users\214016~1\AppData\Local\Temp\ccXvfsUt.s 			page 17


 909 0134 03       		.byte	0x3
 910 0135 00000000 		.4byte	cy_metadata
 911 0139 08       		.uleb128 0x8
 912 013a 17010000 		.4byte	0x117
 913 013e 00       		.byte	0
 914              		.section	.debug_abbrev,"",%progbits
 915              	.Ldebug_abbrev0:
 916 0000 01       		.uleb128 0x1
 917 0001 11       		.uleb128 0x11
 918 0002 01       		.byte	0x1
 919 0003 25       		.uleb128 0x25
 920 0004 0E       		.uleb128 0xe
 921 0005 13       		.uleb128 0x13
 922 0006 0B       		.uleb128 0xb
 923 0007 03       		.uleb128 0x3
 924 0008 0E       		.uleb128 0xe
 925 0009 1B       		.uleb128 0x1b
 926 000a 0E       		.uleb128 0xe
 927 000b 10       		.uleb128 0x10
 928 000c 06       		.uleb128 0x6
 929 000d 00       		.byte	0
 930 000e 00       		.byte	0
 931 000f 02       		.uleb128 0x2
 932 0010 24       		.uleb128 0x24
 933 0011 00       		.byte	0
 934 0012 0B       		.uleb128 0xb
 935 0013 0B       		.uleb128 0xb
 936 0014 3E       		.uleb128 0x3e
 937 0015 0B       		.uleb128 0xb
 938 0016 03       		.uleb128 0x3
 939 0017 0E       		.uleb128 0xe
 940 0018 00       		.byte	0
 941 0019 00       		.byte	0
 942 001a 03       		.uleb128 0x3
 943 001b 24       		.uleb128 0x24
 944 001c 00       		.byte	0
 945 001d 0B       		.uleb128 0xb
 946 001e 0B       		.uleb128 0xb
 947 001f 3E       		.uleb128 0x3e
 948 0020 0B       		.uleb128 0xb
 949 0021 03       		.uleb128 0x3
 950 0022 08       		.uleb128 0x8
 951 0023 00       		.byte	0
 952 0024 00       		.byte	0
 953 0025 04       		.uleb128 0x4
 954 0026 16       		.uleb128 0x16
 955 0027 00       		.byte	0
 956 0028 03       		.uleb128 0x3
 957 0029 0E       		.uleb128 0xe
 958 002a 3A       		.uleb128 0x3a
 959 002b 0B       		.uleb128 0xb
 960 002c 3B       		.uleb128 0x3b
 961 002d 0B       		.uleb128 0xb
 962 002e 49       		.uleb128 0x49
 963 002f 13       		.uleb128 0x13
 964 0030 00       		.byte	0
 965 0031 00       		.byte	0
ARM GAS  C:\Users\214016~1\AppData\Local\Temp\ccXvfsUt.s 			page 18


 966 0032 05       		.uleb128 0x5
 967 0033 01       		.uleb128 0x1
 968 0034 01       		.byte	0x1
 969 0035 49       		.uleb128 0x49
 970 0036 13       		.uleb128 0x13
 971 0037 01       		.uleb128 0x1
 972 0038 13       		.uleb128 0x13
 973 0039 00       		.byte	0
 974 003a 00       		.byte	0
 975 003b 06       		.uleb128 0x6
 976 003c 21       		.uleb128 0x21
 977 003d 00       		.byte	0
 978 003e 49       		.uleb128 0x49
 979 003f 13       		.uleb128 0x13
 980 0040 2F       		.uleb128 0x2f
 981 0041 05       		.uleb128 0x5
 982 0042 00       		.byte	0
 983 0043 00       		.byte	0
 984 0044 07       		.uleb128 0x7
 985 0045 34       		.uleb128 0x34
 986 0046 00       		.byte	0
 987 0047 03       		.uleb128 0x3
 988 0048 0E       		.uleb128 0xe
 989 0049 3A       		.uleb128 0x3a
 990 004a 0B       		.uleb128 0xb
 991 004b 3B       		.uleb128 0x3b
 992 004c 0B       		.uleb128 0xb
 993 004d 49       		.uleb128 0x49
 994 004e 13       		.uleb128 0x13
 995 004f 3F       		.uleb128 0x3f
 996 0050 0C       		.uleb128 0xc
 997 0051 02       		.uleb128 0x2
 998 0052 0A       		.uleb128 0xa
 999 0053 00       		.byte	0
 1000 0054 00       		.byte	0
 1001 0055 08       		.uleb128 0x8
 1002 0056 26       		.uleb128 0x26
 1003 0057 00       		.byte	0
 1004 0058 49       		.uleb128 0x49
 1005 0059 13       		.uleb128 0x13
 1006 005a 00       		.byte	0
 1007 005b 00       		.byte	0
 1008 005c 09       		.uleb128 0x9
 1009 005d 21       		.uleb128 0x21
 1010 005e 00       		.byte	0
 1011 005f 49       		.uleb128 0x49
 1012 0060 13       		.uleb128 0x13
 1013 0061 2F       		.uleb128 0x2f
 1014 0062 0B       		.uleb128 0xb
 1015 0063 00       		.byte	0
 1016 0064 00       		.byte	0
 1017 0065 00       		.byte	0
 1018              		.section	.debug_aranges,"",%progbits
 1019 0000 14000000 		.4byte	0x14
 1020 0004 0200     		.2byte	0x2
 1021 0006 00000000 		.4byte	.Ldebug_info0
 1022 000a 04       		.byte	0x4
ARM GAS  C:\Users\214016~1\AppData\Local\Temp\ccXvfsUt.s 			page 19


 1023 000b 00       		.byte	0
 1024 000c 0000     		.2byte	0
 1025 000e 0000     		.2byte	0
 1026 0010 00000000 		.4byte	0
 1027 0014 00000000 		.4byte	0
 1028              		.section	.debug_line,"",%progbits
 1029              	.Ldebug_line0:
 1030 0000 4F000000 		.section	.debug_str,"MS",%progbits,1
 1030      02004900 
 1030      00000201 
 1030      FB0E0D00 
 1030      01010101 
 1031              	.LASF20:
 1032 0000 433A5C55 		.ascii	"C:\\Users\\214016586\\Documents\\PSoC Creator\\Desi"
 1032      73657273 
 1032      5C323134 
 1032      30313635 
 1032      38365C44 
 1033 002e 676E3035 		.ascii	"gn05\\Design05.cydsn\000"
 1033      5C446573 
 1033      69676E30 
 1033      352E6379 
 1033      64736E00 
 1034              	.LASF19:
 1035 0042 2E5C4765 		.ascii	".\\Generated_Source\\PSoC5\\cymetadata.c\000"
 1035      6E657261 
 1035      7465645F 
 1035      536F7572 
 1035      63655C50 
 1036              	.LASF17:
 1037 0068 63795F6D 		.ascii	"cy_metadata\000"
 1037      65746164 
 1037      61746100 
 1038              	.LASF9:
 1039 0074 666C6F61 		.ascii	"float\000"
 1039      7400
 1040              	.LASF1:
 1041 007a 756E7369 		.ascii	"unsigned char\000"
 1041      676E6564 
 1041      20636861 
 1041      7200
 1042              	.LASF5:
 1043 0088 6C6F6E67 		.ascii	"long unsigned int\000"
 1043      20756E73 
 1043      69676E65 
 1043      6420696E 
 1043      7400
 1044              	.LASF3:
 1045 009a 73686F72 		.ascii	"short unsigned int\000"
 1045      7420756E 
 1045      7369676E 
 1045      65642069 
 1045      6E7400
 1046              	.LASF10:
 1047 00ad 646F7562 		.ascii	"double\000"
 1047      6C6500
 1048              	.LASF14:
ARM GAS  C:\Users\214016~1\AppData\Local\Temp\ccXvfsUt.s 			page 20


 1049 00b4 63795F6D 		.ascii	"cy_meta_custnvl\000"
 1049      6574615F 
 1049      63757374 
 1049      6E766C00 
 1050              	.LASF13:
 1051 00c4 63795F6D 		.ascii	"cy_meta_configecc\000"
 1051      6574615F 
 1051      636F6E66 
 1051      69676563 
 1051      6300
 1052              	.LASF8:
 1053 00d6 756E7369 		.ascii	"unsigned int\000"
 1053      676E6564 
 1053      20696E74 
 1053      00
 1054              	.LASF7:
 1055 00e3 6C6F6E67 		.ascii	"long long unsigned int\000"
 1055      206C6F6E 
 1055      6720756E 
 1055      7369676E 
 1055      65642069 
 1056              	.LASF16:
 1057 00fa 63795F6D 		.ascii	"cy_meta_flashprotect\000"
 1057      6574615F 
 1057      666C6173 
 1057      6870726F 
 1057      74656374 
 1058              	.LASF15:
 1059 010f 63795F6D 		.ascii	"cy_meta_wonvl\000"
 1059      6574615F 
 1059      776F6E76 
 1059      6C00
 1060              	.LASF12:
 1061 011d 73697A65 		.ascii	"sizetype\000"
 1061      74797065 
 1061      00
 1062              	.LASF6:
 1063 0126 6C6F6E67 		.ascii	"long long int\000"
 1063      206C6F6E 
 1063      6720696E 
 1063      7400
 1064              	.LASF11:
 1065 0134 63686172 		.ascii	"char\000"
 1065      00
 1066              	.LASF2:
 1067 0139 73686F72 		.ascii	"short int\000"
 1067      7420696E 
 1067      7400
 1068              	.LASF21:
 1069 0143 75696E74 		.ascii	"uint8\000"
 1069      3800
 1070              	.LASF18:
 1071 0149 474E5520 		.ascii	"GNU C 4.7.3 20130312 (release) [ARM/embedded-4_7-br"
 1071      4320342E 
 1071      372E3320 
 1071      32303133 
 1071      30333132 
ARM GAS  C:\Users\214016~1\AppData\Local\Temp\ccXvfsUt.s 			page 21


 1072 017c 616E6368 		.ascii	"anch revision 196615]\000"
 1072      20726576 
 1072      6973696F 
 1072      6E203139 
 1072      36363135 
 1073              	.LASF4:
 1074 0192 6C6F6E67 		.ascii	"long int\000"
 1074      20696E74 
 1074      00
 1075              	.LASF0:
 1076 019b 7369676E 		.ascii	"signed char\000"
 1076      65642063 
 1076      68617200 
 1077              		.ident	"GCC: (GNU Tools for ARM Embedded Processors) 4.7.3 20130312 (release) [ARM/embedded-4_7-br
