--------------- Build Started: 09/18/2014 10:19:43 Project: Design05, Configuration: ARM GCC 4.7.3 Debug ---------------
cydsfit.exe "-.appdatapath" "C:\Users\214016586\AppData\Local\Cypress Semiconductor\PSoC Creator\3.0" "-.fdsnotice" "-.fdswarpdepfile=warp_dependencies.txt" "-.fdselabdepfile=elab_dependencies.txt" "-.fdsbldfile=generated_files.txt" "-p" "C:\Users\214016586\Documents\PSoC Creator\Design05\Design05.cydsn\Design05.cyprj" "-d" "CY8C5868LTI-LP039" "-s" "C:\Users\214016586\Documents\PSoC Creator\Design05\Design05.cydsn\Generated_Source\PSoC5" "--" "-yv2" "-v3" "-ygs" "-q10" "-o2" "-.fftcfgtype=LE"
Elaborating Design...
ADD: sdb.M0065: information: Analog terminal "ADC_DelSig_1.vplus" on TopDesign is unconnected.
 * C:\Users\214016586\Documents\PSoC Creator\Design05\Design05.cydsn\TopDesign\TopDesign.cysch (Signal: Net_106)
 * C:\Users\214016586\Documents\PSoC Creator\Design05\Design05.cydsn\TopDesign\TopDesign.cysch (Shape_85.3)
ADD: sdb.M0065: information: Analog terminal "ADC_DelSig_1.vminus" on TopDesign is unconnected.
 * C:\Users\214016586\Documents\PSoC Creator\Design05\Design05.cydsn\TopDesign\TopDesign.cysch (Signal: Net_107)
 * C:\Users\214016586\Documents\PSoC Creator\Design05\Design05.cydsn\TopDesign\TopDesign.cysch (Shape_85.5)
HDL Generation ...
Synthesis ...
Place and Route ...
Tech mapping ...
ADD: pft.M0040: information: The following 3 pin(s) will be assigned a location by the fitter: Data_In(0), LATCH(0), VFD_CLOCK(0)
Info: mpr.M0037: Unused pieces of the design have been optimized out. See the Tech mapping section of the report file for details. (App=cydsfit)
Analog Placement ...
Info: apr.M0002: Analog signal "Net_106" is connected to one terminal only. (App=cydsfit)
Info: apr.M0002: Analog signal "\ADC_DelSig_1:Net_520\" is connected to one terminal only. (App=cydsfit)
Analog Routing ...
Analog Code Generation ...
Digital Placement ...
Digital Routing ...
Bitstream Generation ...
Static timing analysis ...
API Generation ...
Dependency Generation ...
Clean Temporary Files ...
arm-none-eabi-gcc.exe -I. -I./Generated_Source/PSoC5 -Wno-main -mcpu=cortex-m3 -mthumb -Wall -g -D DEBUG -Wa,-alh=.\CortexM3\ARM_GCC_473\Debug\main.lst -ffunction-sections -c .\main.c -o .\CortexM3\ARM_GCC_473\Debug\main.o
arm-none-eabi-gcc.exe -I. -I./Generated_Source/PSoC5 -Wno-main -mcpu=cortex-m3 -mthumb -Wall -g -D DEBUG -Wa,-alh=.\CortexM3\ARM_GCC_473\Debug\cyfitter_cfg.lst -ffunction-sections -c .\Generated_Source\PSoC5\cyfitter_cfg.c -o .\CortexM3\ARM_GCC_473\Debug\cyfitter_cfg.o
arm-none-eabi-gcc.exe -I. -I./Generated_Source/PSoC5 -Wno-main -mcpu=cortex-m3 -mthumb -Wall -g -D DEBUG -Wa,-alh=.\CortexM3\ARM_GCC_473\Debug\cymetadata.lst -ffunction-sections -c .\Generated_Source\PSoC5\cymetadata.c -o .\CortexM3\ARM_GCC_473\Debug\cymetadata.o
arm-none-eabi-gcc.exe -I. -I./Generated_Source/PSoC5 -Wno-main -mcpu=cortex-m3 -mthumb -Wall -g -D DEBUG -Wa,-alh=.\CortexM3\ARM_GCC_473\Debug\DMA_1_dma.lst -ffunction-sections -c .\Generated_Source\PSoC5\DMA_1_dma.c -o .\CortexM3\ARM_GCC_473\Debug\DMA_1_dma.o
arm-none-eabi-gcc.exe -I. -I./Generated_Source/PSoC5 -Wno-main -mcpu=cortex-m3 -mthumb -Wall -g -D DEBUG -Wa,-alh=.\CortexM3\ARM_GCC_473\Debug\ShiftReg_1.lst -ffunction-sections -c .\Generated_Source\PSoC5\ShiftReg_1.c -o .\CortexM3\ARM_GCC_473\Debug\ShiftReg_1.o
arm-none-eabi-gcc.exe -I. -I./Generated_Source/PSoC5 -Wno-main -mcpu=cortex-m3 -mthumb -Wall -g -D DEBUG -Wa,-alh=.\CortexM3\ARM_GCC_473\Debug\ShiftReg_1_PM.lst -ffunction-sections -c .\Generated_Source\PSoC5\ShiftReg_1_PM.c -o .\CortexM3\ARM_GCC_473\Debug\ShiftReg_1_PM.o
arm-none-eabi-gcc.exe -I. -I./Generated_Source/PSoC5 -Wno-main -mcpu=cortex-m3 -mthumb -Wall -g -D DEBUG -Wa,-alh=.\CortexM3\ARM_GCC_473\Debug\ShiftReg_2.lst -ffunction-sections -c .\Generated_Source\PSoC5\ShiftReg_2.c -o .\CortexM3\ARM_GCC_473\Debug\ShiftReg_2.o
arm-none-eabi-gcc.exe -I. -I./Generated_Source/PSoC5 -Wno-main -mcpu=cortex-m3 -mthumb -Wall -g -D DEBUG -Wa,-alh=.\CortexM3\ARM_GCC_473\Debug\ShiftReg_2_PM.lst -ffunction-sections -c .\Generated_Source\PSoC5\ShiftReg_2_PM.c -o .\CortexM3\ARM_GCC_473\Debug\ShiftReg_2_PM.o
arm-none-eabi-gcc.exe -I. -I./Generated_Source/PSoC5 -Wno-main -mcpu=cortex-m3 -mthumb -Wall -g -D DEBUG -Wa,-alh=.\CortexM3\ARM_GCC_473\Debug\ShiftReg_3.lst -ffunction-sections -c .\Generated_Source\PSoC5\ShiftReg_3.c -o .\CortexM3\ARM_GCC_473\Debug\ShiftReg_3.o
arm-none-eabi-gcc.exe -I. -I./Generated_Source/PSoC5 -Wno-main -mcpu=cortex-m3 -mthumb -Wall -g -D DEBUG -Wa,-alh=.\CortexM3\ARM_GCC_473\Debug\ShiftReg_3_PM.lst -ffunction-sections -c .\Generated_Source\PSoC5\ShiftReg_3_PM.c -o .\CortexM3\ARM_GCC_473\Debug\ShiftReg_3_PM.o
arm-none-eabi-gcc.exe -I. -I./Generated_Source/PSoC5 -Wno-main -mcpu=cortex-m3 -mthumb -Wall -g -D DEBUG -Wa,-alh=.\CortexM3\ARM_GCC_473\Debug\Cm3Start.lst -ffunction-sections -c .\Generated_Source\PSoC5\Cm3Start.c -o .\CortexM3\ARM_GCC_473\Debug\Cm3Start.o
arm-none-eabi-as.exe -I. -I./Generated_Source/PSoC5 -mcpu=cortex-m3 -mthumb -g -alh=.\CortexM3\ARM_GCC_473\Debug/CyBootAsmGnu.lst -o .\CortexM3\ARM_GCC_473\Debug\CyBootAsmGnu.o .\Generated_Source\PSoC5\CyBootAsmGnu.s
arm-none-eabi-gcc.exe -I. -I./Generated_Source/PSoC5 -Wno-main -mcpu=cortex-m3 -mthumb -Wall -g -D DEBUG -Wa,-alh=.\CortexM3\ARM_GCC_473\Debug\CyDmac.lst -ffunction-sections -c .\Generated_Source\PSoC5\CyDmac.c -o .\CortexM3\ARM_GCC_473\Debug\CyDmac.o
arm-none-eabi-gcc.exe -I. -I./Generated_Source/PSoC5 -Wno-main -mcpu=cortex-m3 -mthumb -Wall -g -D DEBUG -Wa,-alh=.\CortexM3\ARM_GCC_473\Debug\CyFlash.lst -ffunction-sections -c .\Generated_Source\PSoC5\CyFlash.c -o .\CortexM3\ARM_GCC_473\Debug\CyFlash.o
arm-none-eabi-gcc.exe -I. -I./Generated_Source/PSoC5 -Wno-main -mcpu=cortex-m3 -mthumb -Wall -g -D DEBUG -Wa,-alh=.\CortexM3\ARM_GCC_473\Debug\CyLib.lst -ffunction-sections -c .\Generated_Source\PSoC5\CyLib.c -o .\CortexM3\ARM_GCC_473\Debug\CyLib.o
arm-none-eabi-gcc.exe -I. -I./Generated_Source/PSoC5 -Wno-main -mcpu=cortex-m3 -mthumb -Wall -g -D DEBUG -Wa,-alh=.\CortexM3\ARM_GCC_473\Debug\cyPm.lst -ffunction-sections -c .\Generated_Source\PSoC5\cyPm.c -o .\CortexM3\ARM_GCC_473\Debug\cyPm.o
arm-none-eabi-gcc.exe -I. -I./Generated_Source/PSoC5 -Wno-main -mcpu=cortex-m3 -mthumb -Wall -g -D DEBUG -Wa,-alh=.\CortexM3\ARM_GCC_473\Debug\CySpc.lst -ffunction-sections -c .\Generated_Source\PSoC5\CySpc.c -o .\CortexM3\ARM_GCC_473\Debug\CySpc.o
arm-none-eabi-gcc.exe -I. -I./Generated_Source/PSoC5 -Wno-main -mcpu=cortex-m3 -mthumb -Wall -g -D DEBUG -Wa,-alh=.\CortexM3\ARM_GCC_473\Debug\cyutils.lst -ffunction-sections -c .\Generated_Source\PSoC5\cyutils.c -o .\CortexM3\ARM_GCC_473\Debug\cyutils.o
arm-none-eabi-gcc.exe -I. -I./Generated_Source/PSoC5 -Wno-main -mcpu=cortex-m3 -mthumb -Wall -g -D DEBUG -Wa,-alh=.\CortexM3\ARM_GCC_473\Debug\Data_In.lst -ffunction-sections -c .\Generated_Source\PSoC5\Data_In.c -o .\CortexM3\ARM_GCC_473\Debug\Data_In.o
arm-none-eabi-gcc.exe -I. -I./Generated_Source/PSoC5 -Wno-main -mcpu=cortex-m3 -mthumb -Wall -g -D DEBUG -Wa,-alh=.\CortexM3\ARM_GCC_473\Debug\LATCH.lst -ffunction-sections -c .\Generated_Source\PSoC5\LATCH.c -o .\CortexM3\ARM_GCC_473\Debug\LATCH.o
arm-none-eabi-gcc.exe -I. -I./Generated_Source/PSoC5 -Wno-main -mcpu=cortex-m3 -mthumb -Wall -g -D DEBUG -Wa,-alh=.\CortexM3\ARM_GCC_473\Debug\VFD_CLOCK.lst -ffunction-sections -c .\Generated_Source\PSoC5\VFD_CLOCK.c -o .\CortexM3\ARM_GCC_473\Debug\VFD_CLOCK.o
arm-none-eabi-gcc.exe -I. -I./Generated_Source/PSoC5 -Wno-main -mcpu=cortex-m3 -mthumb -Wall -g -D DEBUG -Wa,-alh=.\CortexM3\ARM_GCC_473\Debug\ADC_DelSig_1.lst -ffunction-sections -c .\Generated_Source\PSoC5\ADC_DelSig_1.c -o .\CortexM3\ARM_GCC_473\Debug\ADC_DelSig_1.o
arm-none-eabi-gcc.exe -I. -I./Generated_Source/PSoC5 -Wno-main -mcpu=cortex-m3 -mthumb -Wall -g -D DEBUG -Wa,-alh=.\CortexM3\ARM_GCC_473\Debug\ADC_DelSig_1_PM.lst -ffunction-sections -c .\Generated_Source\PSoC5\ADC_DelSig_1_PM.c -o .\CortexM3\ARM_GCC_473\Debug\ADC_DelSig_1_PM.o
arm-none-eabi-gcc.exe -I. -I./Generated_Source/PSoC5 -Wno-main -mcpu=cortex-m3 -mthumb -Wall -g -D DEBUG -Wa,-alh=.\CortexM3\ARM_GCC_473\Debug\ADC_DelSig_1_INT.lst -ffunction-sections -c .\Generated_Source\PSoC5\ADC_DelSig_1_INT.c -o .\CortexM3\ARM_GCC_473\Debug\ADC_DelSig_1_INT.o
arm-none-eabi-gcc.exe -I. -I./Generated_Source/PSoC5 -Wno-main -mcpu=cortex-m3 -mthumb -Wall -g -D DEBUG -Wa,-alh=.\CortexM3\ARM_GCC_473\Debug\ADC_DelSig_1_Ext_CP_Clk.lst -ffunction-sections -c .\Generated_Source\PSoC5\ADC_DelSig_1_Ext_CP_Clk.c -o .\CortexM3\ARM_GCC_473\Debug\ADC_DelSig_1_Ext_CP_Clk.o
arm-none-eabi-gcc.exe -I. -I./Generated_Source/PSoC5 -Wno-main -mcpu=cortex-m3 -mthumb -Wall -g -D DEBUG -Wa,-alh=.\CortexM3\ARM_GCC_473\Debug\ADC_DelSig_1_IRQ.lst -ffunction-sections -c .\Generated_Source\PSoC5\ADC_DelSig_1_IRQ.c -o .\CortexM3\ARM_GCC_473\Debug\ADC_DelSig_1_IRQ.o
arm-none-eabi-gcc.exe -I. -I./Generated_Source/PSoC5 -Wno-main -mcpu=cortex-m3 -mthumb -Wall -g -D DEBUG -Wa,-alh=.\CortexM3\ARM_GCC_473\Debug\ADC_DelSig_1_theACLK.lst -ffunction-sections -c .\Generated_Source\PSoC5\ADC_DelSig_1_theACLK.c -o .\CortexM3\ARM_GCC_473\Debug\ADC_DelSig_1_theACLK.o
arm-none-eabi-ar.exe -rs .\CortexM3\ARM_GCC_473\Debug\Design05.a .\CortexM3\ARM_GCC_473\Debug\cyfitter_cfg.o .\CortexM3\ARM_GCC_473\Debug\DMA_1_dma.o .\CortexM3\ARM_GCC_473\Debug\ShiftReg_1.o .\CortexM3\ARM_GCC_473\Debug\ShiftReg_1_PM.o .\CortexM3\ARM_GCC_473\Debug\ShiftReg_2.o .\CortexM3\ARM_GCC_473\Debug\ShiftReg_2_PM.o .\CortexM3\ARM_GCC_473\Debug\ShiftReg_3.o .\CortexM3\ARM_GCC_473\Debug\ShiftReg_3_PM.o .\CortexM3\ARM_GCC_473\Debug\CyBootAsmGnu.o .\CortexM3\ARM_GCC_473\Debug\CyDmac.o .\CortexM3\ARM_GCC_473\Debug\CyFlash.o .\CortexM3\ARM_GCC_473\Debug\CyLib.o .\CortexM3\ARM_GCC_473\Debug\cyPm.o .\CortexM3\ARM_GCC_473\Debug\CySpc.o .\CortexM3\ARM_GCC_473\Debug\cyutils.o .\CortexM3\ARM_GCC_473\Debug\Data_In.o .\CortexM3\ARM_GCC_473\Debug\LATCH.o .\CortexM3\ARM_GCC_473\Debug\VFD_CLOCK.o .\CortexM3\ARM_GCC_473\Debug\ADC_DelSig_1.o .\CortexM3\ARM_GCC_473\Debug\ADC_DelSig_1_PM.o .\CortexM3\ARM_GCC_473\Debug\ADC_DelSig_1_INT.o .\CortexM3\ARM_GCC_473\Debug\ADC_DelSig_1_Ext_CP_Clk.o .\CortexM3\ARM_GCC_473\Debug\ADC_DelSig_1_IRQ.o .\CortexM3\ARM_GCC_473\Debug\ADC_DelSig_1_theACLK.o
arm-none-eabi-ar.exe: creating .\CortexM3\ARM_GCC_473\Debug\Design05.a
arm-none-eabi-gcc.exe -mthumb -march=armv7-m -mfix-cortex-m3-ldrd -T .\Generated_Source\PSoC5\cm3gcc.ld -g -Wl,-Map,.\CortexM3\ARM_GCC_473\Debug\Design05.map -specs=nano.specs -Wl,--gc-sections -Wl,--start-group -o .\CortexM3\ARM_GCC_473\Debug\Design05.elf .\CortexM3\ARM_GCC_473\Debug\main.o .\CortexM3\ARM_GCC_473\Debug\cymetadata.o .\CortexM3\ARM_GCC_473\Debug\Cm3Start.o .\CortexM3\ARM_GCC_473\Debug\Design05.a "C:\Program Files (x86)\Cypress\PSoC Creator\3.0\PSoC Creator\psoc\content\cycomponentlibrary\CyComponentLibrary.cylib\CortexM3\ARM_GCC_473\Debug\CyComponentLibrary.a" -Wl,--end-group
cyelftool.exe -C "C:\Users\214016586\Documents\PSoC Creator\Design05\Design05.cydsn\CortexM3\ARM_GCC_473\Debug\Design05.elf" --flash_size 262144 --flash_row_size 256
cyelftool.exe -S "C:\Users\214016586\Documents\PSoC Creator\Design05\Design05.cydsn\CortexM3\ARM_GCC_473\Debug\Design05.elf"
Flash used: 3350 of 262144 bytes (1.3 %).
SRAM used: 20989 of 65536 bytes (32.0 %).
--------------- Build Succeeded: 09/18/2014 10:20:20 ---------------
