ARM GAS  C:\Users\214016~1\AppData\Local\Temp\cc0HBLai.s 			page 1


   1              		.syntax unified
   2              		.cpu cortex-m3
   3              		.fpu softvfp
   4              		.eabi_attribute 20, 1
   5              		.eabi_attribute 21, 1
   6              		.eabi_attribute 23, 3
   7              		.eabi_attribute 24, 1
   8              		.eabi_attribute 25, 1
   9              		.eabi_attribute 26, 1
  10              		.eabi_attribute 30, 6
  11              		.eabi_attribute 34, 1
  12              		.eabi_attribute 18, 4
  13              		.thumb
  14              		.file	"main.c"
  15              		.text
  16              	.Ltext0:
  17              		.cfi_sections	.debug_frame
  18              		.comm	dma_buffer,200,4
  19              		.section	.text.main,"ax",%progbits
  20              		.align	2
  21              		.global	main
  22              		.thumb
  23              		.thumb_func
  24              		.type	main, %function
  25              	main:
  26              	.LFB56:
  27              		.file 1 ".\\main.c"
   1:.\main.c      **** /* ========================================
   2:.\main.c      ****  *
   3:.\main.c      ****  * Copyright YOUR COMPANY, THE YEAR
   4:.\main.c      ****  * All Rights Reserved
   5:.\main.c      ****  * UNPUBLISHED, LICENSED SOFTWARE.
   6:.\main.c      ****  *
   7:.\main.c      ****  * CONFIDENTIAL AND PROPRIETARY INFORMATION
   8:.\main.c      ****  * WHICH IS THE PROPERTY OF your company.
   9:.\main.c      ****  *
  10:.\main.c      ****  * ========================================
  11:.\main.c      **** */
  12:.\main.c      **** #include <project.h>
  13:.\main.c      **** #define DMA_1_BYTES_PER_BURST 127
  14:.\main.c      **** #define DMA_1_REQUEST_PER_BURST 0
  15:.\main.c      **** #define DMA_1_SRC_BASE (CYDEV_PERIPH_BASE)
  16:.\main.c      **** #define DMA_1_DST_BASE (CYDEV_SRAM_BASE)
  17:.\main.c      **** 
  18:.\main.c      **** uint32_t dma_buffer[50];
  19:.\main.c      **** 
  20:.\main.c      **** int main()
  21:.\main.c      **** {
  28              		.loc 1 21 0
  29              		.cfi_startproc
  30              		@ args = 0, pretend = 0, frame = 8
  31              		@ frame_needed = 1, uses_anonymous_args = 0
  32 0000 80B5     		push	{r7, lr}
  33              	.LCFI0:
  34              		.cfi_def_cfa_offset 8
  35              		.cfi_offset 7, -8
  36              		.cfi_offset 14, -4
ARM GAS  C:\Users\214016~1\AppData\Local\Temp\cc0HBLai.s 			page 2


  37 0002 82B0     		sub	sp, sp, #8
  38              	.LCFI1:
  39              		.cfi_def_cfa_offset 16
  40 0004 00AF     		add	r7, sp, #0
  41              	.LCFI2:
  42              		.cfi_def_cfa_register 7
  22:.\main.c      ****     /* Place your initialization/startup code here (e.g. MyInst_Start()) */
  23:.\main.c      **** 	/* Variable declarations for DMA_1 */
  24:.\main.c      **** 	/* Move these variable declarations to the top of the function */
  25:.\main.c      **** 	uint8 DMA_1_Chan;
  26:.\main.c      **** 	uint8 DMA_1_TD[2];
  27:.\main.c      **** 
  28:.\main.c      **** 	/* DMA Configuration for DMA_1 */
  29:.\main.c      **** 
  30:.\main.c      **** 	DMA_1_Chan = DMA_1_DmaInitialize(DMA_1_BYTES_PER_BURST, DMA_1_REQUEST_PER_BURST, 
  43              		.loc 1 30 0
  44 0006 4FF07F00 		mov	r0, #127
  45 000a 4FF00001 		mov	r1, #0
  46 000e 4FF48042 		mov	r2, #16384
  47 0012 41F6FF73 		movw	r3, #8191
  48 0016 FFF7FEFF 		bl	DMA_1_DmaInitialize
  49 001a 0346     		mov	r3, r0
  50 001c FB71     		strb	r3, [r7, #7]
  31:.\main.c      **** 	    HI16(DMA_1_SRC_BASE), HI16(DMA_1_DST_BASE));
  32:.\main.c      **** 	DMA_1_TD[0] = CyDmaTdAllocate();
  51              		.loc 1 32 0
  52 001e FFF7FEFF 		bl	CyDmaTdAllocate
  53 0022 0346     		mov	r3, r0
  54 0024 3B71     		strb	r3, [r7, #4]
  33:.\main.c      **** 	DMA_1_TD[1] = CyDmaTdAllocate();
  55              		.loc 1 33 0
  56 0026 FFF7FEFF 		bl	CyDmaTdAllocate
  57 002a 0346     		mov	r3, r0
  58 002c 7B71     		strb	r3, [r7, #5]
  34:.\main.c      **** 	CyDmaTdSetConfiguration(DMA_1_TD[0], 2, DMA_1_TD[1], TD_INC_DST_ADR | TD_AUTO_EXEC_NEXT);
  59              		.loc 1 34 0
  60 002e 3A79     		ldrb	r2, [r7, #4]	@ zero_extendqisi2
  61 0030 7B79     		ldrb	r3, [r7, #5]	@ zero_extendqisi2
  62 0032 1046     		mov	r0, r2
  63 0034 4FF00201 		mov	r1, #2
  64 0038 1A46     		mov	r2, r3
  65 003a 4FF02203 		mov	r3, #34
  66 003e FFF7FEFF 		bl	CyDmaTdSetConfiguration
  35:.\main.c      **** 	CyDmaTdSetConfiguration(DMA_1_TD[1], 2, DMA_1_TD[0], DMA_1__TD_TERMOUT_EN | TD_INC_SRC_ADR | TD_IN
  67              		.loc 1 35 0
  68 0042 7A79     		ldrb	r2, [r7, #5]	@ zero_extendqisi2
  69 0044 3B79     		ldrb	r3, [r7, #4]	@ zero_extendqisi2
  70 0046 1046     		mov	r0, r2
  71 0048 4FF00201 		mov	r1, #2
  72 004c 1A46     		mov	r2, r3
  73 004e 4FF02303 		mov	r3, #35
  74 0052 FFF7FEFF 		bl	CyDmaTdSetConfiguration
  36:.\main.c      **** 	CyDmaTdSetAddress(DMA_1_TD[0], LO16((uint32)ShiftReg_1_IN_FIFO), LO16((uint32)dma_buffer));
  75              		.loc 1 36 0
  76 0056 3A79     		ldrb	r2, [r7, #4]	@ zero_extendqisi2
  77 0058 40F20003 		movw	r3, #:lower16:dma_buffer
  78 005c C0F20003 		movt	r3, #:upper16:dma_buffer
ARM GAS  C:\Users\214016~1\AppData\Local\Temp\cc0HBLai.s 			page 3


  79 0060 9BB2     		uxth	r3, r3
  80 0062 1046     		mov	r0, r2
  81 0064 4FF00101 		mov	r1, #1
  82 0068 1A46     		mov	r2, r3
  83 006a FFF7FEFF 		bl	CyDmaTdSetAddress
  37:.\main.c      **** 	CyDmaTdSetAddress(DMA_1_TD[1], LO16((uint32)ShiftReg_2_IN_FIFO), LO16((uint32)dma_buffer));
  84              		.loc 1 37 0
  85 006e 7A79     		ldrb	r2, [r7, #5]	@ zero_extendqisi2
  86 0070 40F20003 		movw	r3, #:lower16:dma_buffer
  87 0074 C0F20003 		movt	r3, #:upper16:dma_buffer
  88 0078 9BB2     		uxth	r3, r3
  89 007a 1046     		mov	r0, r2
  90 007c 4FF00101 		mov	r1, #1
  91 0080 1A46     		mov	r2, r3
  92 0082 FFF7FEFF 		bl	CyDmaTdSetAddress
  38:.\main.c      **** 	CyDmaChSetInitialTd(DMA_1_Chan, DMA_1_TD[0]);
  93              		.loc 1 38 0
  94 0086 3B79     		ldrb	r3, [r7, #4]	@ zero_extendqisi2
  95 0088 FA79     		ldrb	r2, [r7, #7]	@ zero_extendqisi2
  96 008a 1046     		mov	r0, r2
  97 008c 1946     		mov	r1, r3
  98 008e FFF7FEFF 		bl	CyDmaChSetInitialTd
  39:.\main.c      **** 	CyDmaChEnable(DMA_1_Chan, 1);
  99              		.loc 1 39 0
 100 0092 FB79     		ldrb	r3, [r7, #7]	@ zero_extendqisi2
 101 0094 1846     		mov	r0, r3
 102 0096 4FF00101 		mov	r1, #1
 103 009a FFF7FEFF 		bl	CyDmaChEnable
 104              	.L2:
  40:.\main.c      **** 	
  41:.\main.c      **** 	
  42:.\main.c      **** 	
  43:.\main.c      ****     /* CyGlobalIntEnable; */ /* Uncomment this line to enable global interrupts. */
  44:.\main.c      ****     for(;;)
  45:.\main.c      ****     {
  46:.\main.c      ****  
  47:.\main.c      ****    /* Place your application code here. */
  48:.\main.c      ****     }
 105              		.loc 1 48 0 discriminator 1
 106 009e FEE7     		b	.L2
 107              		.cfi_endproc
 108              	.LFE56:
 109              		.size	main, .-main
 110              		.text
 111              	.Letext0:
 112              		.file 2 "c:\\program files (x86)\\cypress\\psoc creator\\3.0\\psoc creator\\import\\gnu_cs\\arm\\4
 113              		.file 3 "./Generated_Source/PSoC5/cytypes.h"
 114              		.file 4 "./Generated_Source/PSoC5/core_cm3.h"
 115              		.section	.debug_info,"",%progbits
 116              	.Ldebug_info0:
 117 0000 3E010000 		.4byte	0x13e
 118 0004 0200     		.2byte	0x2
 119 0006 00000000 		.4byte	.Ldebug_abbrev0
 120 000a 04       		.byte	0x4
 121 000b 01       		.uleb128 0x1
 122 000c 69000000 		.4byte	.LASF22
 123 0010 01       		.byte	0x1
ARM GAS  C:\Users\214016~1\AppData\Local\Temp\cc0HBLai.s 			page 4


 124 0011 CA000000 		.4byte	.LASF23
 125 0015 27000000 		.4byte	.LASF24
 126 0019 00000000 		.4byte	.Ldebug_ranges0+0
 127 001d 00000000 		.4byte	0
 128 0021 00000000 		.4byte	0
 129 0025 00000000 		.4byte	.Ldebug_line0
 130 0029 02       		.uleb128 0x2
 131 002a 01       		.byte	0x1
 132 002b 06       		.byte	0x6
 133 002c 4A010000 		.4byte	.LASF0
 134 0030 02       		.uleb128 0x2
 135 0031 01       		.byte	0x1
 136 0032 08       		.byte	0x8
 137 0033 06010000 		.4byte	.LASF1
 138 0037 02       		.uleb128 0x2
 139 0038 02       		.byte	0x2
 140 0039 05       		.byte	0x5
 141 003a 67010000 		.4byte	.LASF2
 142 003e 02       		.uleb128 0x2
 143 003f 02       		.byte	0x2
 144 0040 07       		.byte	0x7
 145 0041 EA000000 		.4byte	.LASF3
 146 0045 03       		.uleb128 0x3
 147 0046 78010000 		.4byte	.LASF5
 148 004a 02       		.byte	0x2
 149 004b 4F       		.byte	0x4f
 150 004c 50000000 		.4byte	0x50
 151 0050 02       		.uleb128 0x2
 152 0051 04       		.byte	0x4
 153 0052 05       		.byte	0x5
 154 0053 22010000 		.4byte	.LASF4
 155 0057 03       		.uleb128 0x3
 156 0058 19010000 		.4byte	.LASF6
 157 005c 02       		.byte	0x2
 158 005d 50       		.byte	0x50
 159 005e 62000000 		.4byte	0x62
 160 0062 02       		.uleb128 0x2
 161 0063 04       		.byte	0x4
 162 0064 07       		.byte	0x7
 163 0065 B8000000 		.4byte	.LASF7
 164 0069 02       		.uleb128 0x2
 165 006a 08       		.byte	0x8
 166 006b 05       		.byte	0x5
 167 006c 00000000 		.4byte	.LASF8
 168 0070 02       		.uleb128 0x2
 169 0071 08       		.byte	0x8
 170 0072 07       		.byte	0x7
 171 0073 D3000000 		.4byte	.LASF9
 172 0077 04       		.uleb128 0x4
 173 0078 04       		.byte	0x4
 174 0079 05       		.byte	0x5
 175 007a 696E7400 		.ascii	"int\000"
 176 007e 02       		.uleb128 0x2
 177 007f 04       		.byte	0x4
 178 0080 07       		.byte	0x7
 179 0081 15000000 		.4byte	.LASF10
 180 0085 03       		.uleb128 0x3
ARM GAS  C:\Users\214016~1\AppData\Local\Temp\cc0HBLai.s 			page 5


 181 0086 B2000000 		.4byte	.LASF11
 182 008a 03       		.byte	0x3
 183 008b 5B       		.byte	0x5b
 184 008c 30000000 		.4byte	0x30
 185 0090 03       		.uleb128 0x3
 186 0091 71010000 		.4byte	.LASF12
 187 0095 03       		.byte	0x3
 188 0096 5C       		.byte	0x5c
 189 0097 3E000000 		.4byte	0x3e
 190 009b 03       		.uleb128 0x3
 191 009c 0E000000 		.4byte	.LASF13
 192 00a0 03       		.byte	0x3
 193 00a1 5D       		.byte	0x5d
 194 00a2 62000000 		.4byte	0x62
 195 00a6 02       		.uleb128 0x2
 196 00a7 04       		.byte	0x4
 197 00a8 04       		.byte	0x4
 198 00a9 56010000 		.4byte	.LASF14
 199 00ad 02       		.uleb128 0x2
 200 00ae 08       		.byte	0x8
 201 00af 04       		.byte	0x4
 202 00b0 36010000 		.4byte	.LASF15
 203 00b4 02       		.uleb128 0x2
 204 00b5 01       		.byte	0x1
 205 00b6 08       		.byte	0x8
 206 00b7 14010000 		.4byte	.LASF16
 207 00bb 02       		.uleb128 0x2
 208 00bc 04       		.byte	0x4
 209 00bd 07       		.byte	0x7
 210 00be 80010000 		.4byte	.LASF17
 211 00c2 05       		.uleb128 0x5
 212 00c3 01       		.byte	0x1
 213 00c4 22000000 		.4byte	.LASF25
 214 00c8 01       		.byte	0x1
 215 00c9 14       		.byte	0x14
 216 00ca 77000000 		.4byte	0x77
 217 00ce 00000000 		.4byte	.LFB56
 218 00d2 A0000000 		.4byte	.LFE56
 219 00d6 00000000 		.4byte	.LLST0
 220 00da 01       		.byte	0x1
 221 00db FC000000 		.4byte	0xfc
 222 00df 06       		.uleb128 0x6
 223 00e0 2B010000 		.4byte	.LASF18
 224 00e4 01       		.byte	0x1
 225 00e5 19       		.byte	0x19
 226 00e6 85000000 		.4byte	0x85
 227 00ea 02       		.byte	0x2
 228 00eb 91       		.byte	0x91
 229 00ec 77       		.sleb128 -9
 230 00ed 06       		.uleb128 0x6
 231 00ee FD000000 		.4byte	.LASF19
 232 00f2 01       		.byte	0x1
 233 00f3 1A       		.byte	0x1a
 234 00f4 FC000000 		.4byte	0xfc
 235 00f8 02       		.byte	0x2
 236 00f9 91       		.byte	0x91
 237 00fa 74       		.sleb128 -12
ARM GAS  C:\Users\214016~1\AppData\Local\Temp\cc0HBLai.s 			page 6


 238 00fb 00       		.byte	0
 239 00fc 07       		.uleb128 0x7
 240 00fd 85000000 		.4byte	0x85
 241 0101 0C010000 		.4byte	0x10c
 242 0105 08       		.uleb128 0x8
 243 0106 BB000000 		.4byte	0xbb
 244 010a 01       		.byte	0x1
 245 010b 00       		.byte	0
 246 010c 09       		.uleb128 0x9
 247 010d 3D010000 		.4byte	.LASF20
 248 0111 04       		.byte	0x4
 249 0112 1606     		.2byte	0x616
 250 0114 1A010000 		.4byte	0x11a
 251 0118 01       		.byte	0x1
 252 0119 01       		.byte	0x1
 253 011a 0A       		.uleb128 0xa
 254 011b 45000000 		.4byte	0x45
 255 011f 07       		.uleb128 0x7
 256 0120 57000000 		.4byte	0x57
 257 0124 2F010000 		.4byte	0x12f
 258 0128 08       		.uleb128 0x8
 259 0129 BB000000 		.4byte	0xbb
 260 012d 31       		.byte	0x31
 261 012e 00       		.byte	0
 262 012f 0B       		.uleb128 0xb
 263 0130 5C010000 		.4byte	.LASF21
 264 0134 01       		.byte	0x1
 265 0135 12       		.byte	0x12
 266 0136 1F010000 		.4byte	0x11f
 267 013a 01       		.byte	0x1
 268 013b 05       		.byte	0x5
 269 013c 03       		.byte	0x3
 270 013d 00000000 		.4byte	dma_buffer
 271 0141 00       		.byte	0
 272              		.section	.debug_abbrev,"",%progbits
 273              	.Ldebug_abbrev0:
 274 0000 01       		.uleb128 0x1
 275 0001 11       		.uleb128 0x11
 276 0002 01       		.byte	0x1
 277 0003 25       		.uleb128 0x25
 278 0004 0E       		.uleb128 0xe
 279 0005 13       		.uleb128 0x13
 280 0006 0B       		.uleb128 0xb
 281 0007 03       		.uleb128 0x3
 282 0008 0E       		.uleb128 0xe
 283 0009 1B       		.uleb128 0x1b
 284 000a 0E       		.uleb128 0xe
 285 000b 55       		.uleb128 0x55
 286 000c 06       		.uleb128 0x6
 287 000d 11       		.uleb128 0x11
 288 000e 01       		.uleb128 0x1
 289 000f 52       		.uleb128 0x52
 290 0010 01       		.uleb128 0x1
 291 0011 10       		.uleb128 0x10
 292 0012 06       		.uleb128 0x6
 293 0013 00       		.byte	0
 294 0014 00       		.byte	0
ARM GAS  C:\Users\214016~1\AppData\Local\Temp\cc0HBLai.s 			page 7


 295 0015 02       		.uleb128 0x2
 296 0016 24       		.uleb128 0x24
 297 0017 00       		.byte	0
 298 0018 0B       		.uleb128 0xb
 299 0019 0B       		.uleb128 0xb
 300 001a 3E       		.uleb128 0x3e
 301 001b 0B       		.uleb128 0xb
 302 001c 03       		.uleb128 0x3
 303 001d 0E       		.uleb128 0xe
 304 001e 00       		.byte	0
 305 001f 00       		.byte	0
 306 0020 03       		.uleb128 0x3
 307 0021 16       		.uleb128 0x16
 308 0022 00       		.byte	0
 309 0023 03       		.uleb128 0x3
 310 0024 0E       		.uleb128 0xe
 311 0025 3A       		.uleb128 0x3a
 312 0026 0B       		.uleb128 0xb
 313 0027 3B       		.uleb128 0x3b
 314 0028 0B       		.uleb128 0xb
 315 0029 49       		.uleb128 0x49
 316 002a 13       		.uleb128 0x13
 317 002b 00       		.byte	0
 318 002c 00       		.byte	0
 319 002d 04       		.uleb128 0x4
 320 002e 24       		.uleb128 0x24
 321 002f 00       		.byte	0
 322 0030 0B       		.uleb128 0xb
 323 0031 0B       		.uleb128 0xb
 324 0032 3E       		.uleb128 0x3e
 325 0033 0B       		.uleb128 0xb
 326 0034 03       		.uleb128 0x3
 327 0035 08       		.uleb128 0x8
 328 0036 00       		.byte	0
 329 0037 00       		.byte	0
 330 0038 05       		.uleb128 0x5
 331 0039 2E       		.uleb128 0x2e
 332 003a 01       		.byte	0x1
 333 003b 3F       		.uleb128 0x3f
 334 003c 0C       		.uleb128 0xc
 335 003d 03       		.uleb128 0x3
 336 003e 0E       		.uleb128 0xe
 337 003f 3A       		.uleb128 0x3a
 338 0040 0B       		.uleb128 0xb
 339 0041 3B       		.uleb128 0x3b
 340 0042 0B       		.uleb128 0xb
 341 0043 49       		.uleb128 0x49
 342 0044 13       		.uleb128 0x13
 343 0045 11       		.uleb128 0x11
 344 0046 01       		.uleb128 0x1
 345 0047 12       		.uleb128 0x12
 346 0048 01       		.uleb128 0x1
 347 0049 40       		.uleb128 0x40
 348 004a 06       		.uleb128 0x6
 349 004b 9642     		.uleb128 0x2116
 350 004d 0C       		.uleb128 0xc
 351 004e 01       		.uleb128 0x1
ARM GAS  C:\Users\214016~1\AppData\Local\Temp\cc0HBLai.s 			page 8


 352 004f 13       		.uleb128 0x13
 353 0050 00       		.byte	0
 354 0051 00       		.byte	0
 355 0052 06       		.uleb128 0x6
 356 0053 34       		.uleb128 0x34
 357 0054 00       		.byte	0
 358 0055 03       		.uleb128 0x3
 359 0056 0E       		.uleb128 0xe
 360 0057 3A       		.uleb128 0x3a
 361 0058 0B       		.uleb128 0xb
 362 0059 3B       		.uleb128 0x3b
 363 005a 0B       		.uleb128 0xb
 364 005b 49       		.uleb128 0x49
 365 005c 13       		.uleb128 0x13
 366 005d 02       		.uleb128 0x2
 367 005e 0A       		.uleb128 0xa
 368 005f 00       		.byte	0
 369 0060 00       		.byte	0
 370 0061 07       		.uleb128 0x7
 371 0062 01       		.uleb128 0x1
 372 0063 01       		.byte	0x1
 373 0064 49       		.uleb128 0x49
 374 0065 13       		.uleb128 0x13
 375 0066 01       		.uleb128 0x1
 376 0067 13       		.uleb128 0x13
 377 0068 00       		.byte	0
 378 0069 00       		.byte	0
 379 006a 08       		.uleb128 0x8
 380 006b 21       		.uleb128 0x21
 381 006c 00       		.byte	0
 382 006d 49       		.uleb128 0x49
 383 006e 13       		.uleb128 0x13
 384 006f 2F       		.uleb128 0x2f
 385 0070 0B       		.uleb128 0xb
 386 0071 00       		.byte	0
 387 0072 00       		.byte	0
 388 0073 09       		.uleb128 0x9
 389 0074 34       		.uleb128 0x34
 390 0075 00       		.byte	0
 391 0076 03       		.uleb128 0x3
 392 0077 0E       		.uleb128 0xe
 393 0078 3A       		.uleb128 0x3a
 394 0079 0B       		.uleb128 0xb
 395 007a 3B       		.uleb128 0x3b
 396 007b 05       		.uleb128 0x5
 397 007c 49       		.uleb128 0x49
 398 007d 13       		.uleb128 0x13
 399 007e 3F       		.uleb128 0x3f
 400 007f 0C       		.uleb128 0xc
 401 0080 3C       		.uleb128 0x3c
 402 0081 0C       		.uleb128 0xc
 403 0082 00       		.byte	0
 404 0083 00       		.byte	0
 405 0084 0A       		.uleb128 0xa
 406 0085 35       		.uleb128 0x35
 407 0086 00       		.byte	0
 408 0087 49       		.uleb128 0x49
ARM GAS  C:\Users\214016~1\AppData\Local\Temp\cc0HBLai.s 			page 9


 409 0088 13       		.uleb128 0x13
 410 0089 00       		.byte	0
 411 008a 00       		.byte	0
 412 008b 0B       		.uleb128 0xb
 413 008c 34       		.uleb128 0x34
 414 008d 00       		.byte	0
 415 008e 03       		.uleb128 0x3
 416 008f 0E       		.uleb128 0xe
 417 0090 3A       		.uleb128 0x3a
 418 0091 0B       		.uleb128 0xb
 419 0092 3B       		.uleb128 0x3b
 420 0093 0B       		.uleb128 0xb
 421 0094 49       		.uleb128 0x49
 422 0095 13       		.uleb128 0x13
 423 0096 3F       		.uleb128 0x3f
 424 0097 0C       		.uleb128 0xc
 425 0098 02       		.uleb128 0x2
 426 0099 0A       		.uleb128 0xa
 427 009a 00       		.byte	0
 428 009b 00       		.byte	0
 429 009c 00       		.byte	0
 430              		.section	.debug_loc,"",%progbits
 431              	.Ldebug_loc0:
 432              	.LLST0:
 433 0000 00000000 		.4byte	.LFB56
 434 0004 02000000 		.4byte	.LCFI0
 435 0008 0200     		.2byte	0x2
 436 000a 7D       		.byte	0x7d
 437 000b 00       		.sleb128 0
 438 000c 02000000 		.4byte	.LCFI0
 439 0010 04000000 		.4byte	.LCFI1
 440 0014 0200     		.2byte	0x2
 441 0016 7D       		.byte	0x7d
 442 0017 08       		.sleb128 8
 443 0018 04000000 		.4byte	.LCFI1
 444 001c 06000000 		.4byte	.LCFI2
 445 0020 0200     		.2byte	0x2
 446 0022 7D       		.byte	0x7d
 447 0023 10       		.sleb128 16
 448 0024 06000000 		.4byte	.LCFI2
 449 0028 A0000000 		.4byte	.LFE56
 450 002c 0200     		.2byte	0x2
 451 002e 77       		.byte	0x77
 452 002f 10       		.sleb128 16
 453 0030 00000000 		.4byte	0
 454 0034 00000000 		.4byte	0
 455              		.section	.debug_aranges,"",%progbits
 456 0000 1C000000 		.4byte	0x1c
 457 0004 0200     		.2byte	0x2
 458 0006 00000000 		.4byte	.Ldebug_info0
 459 000a 04       		.byte	0x4
 460 000b 00       		.byte	0
 461 000c 0000     		.2byte	0
 462 000e 0000     		.2byte	0
 463 0010 00000000 		.4byte	.LFB56
 464 0014 A0000000 		.4byte	.LFE56-.LFB56
 465 0018 00000000 		.4byte	0
ARM GAS  C:\Users\214016~1\AppData\Local\Temp\cc0HBLai.s 			page 10


 466 001c 00000000 		.4byte	0
 467              		.section	.debug_ranges,"",%progbits
 468              	.Ldebug_ranges0:
 469 0000 00000000 		.4byte	.LFB56
 470 0004 A0000000 		.4byte	.LFE56
 471 0008 00000000 		.4byte	0
 472 000c 00000000 		.4byte	0
 473              		.section	.debug_line,"",%progbits
 474              	.Ldebug_line0:
 475 0000 20010000 		.section	.debug_str,"MS",%progbits,1
 475      0200F900 
 475      00000201 
 475      FB0E0D00 
 475      01010101 
 476              	.LASF8:
 477 0000 6C6F6E67 		.ascii	"long long int\000"
 477      206C6F6E 
 477      6720696E 
 477      7400
 478              	.LASF13:
 479 000e 75696E74 		.ascii	"uint32\000"
 479      333200
 480              	.LASF10:
 481 0015 756E7369 		.ascii	"unsigned int\000"
 481      676E6564 
 481      20696E74 
 481      00
 482              	.LASF25:
 483 0022 6D61696E 		.ascii	"main\000"
 483      00
 484              	.LASF24:
 485 0027 433A5C55 		.ascii	"C:\\Users\\214016586\\Documents\\PSoC Creator\\Desi"
 485      73657273 
 485      5C323134 
 485      30313635 
 485      38365C44 
 486 0055 676E3035 		.ascii	"gn05\\Design05.cydsn\000"
 486      5C446573 
 486      69676E30 
 486      352E6379 
 486      64736E00 
 487              	.LASF22:
 488 0069 474E5520 		.ascii	"GNU C 4.7.3 20130312 (release) [ARM/embedded-4_7-br"
 488      4320342E 
 488      372E3320 
 488      32303133 
 488      30333132 
 489 009c 616E6368 		.ascii	"anch revision 196615]\000"
 489      20726576 
 489      6973696F 
 489      6E203139 
 489      36363135 
 490              	.LASF11:
 491 00b2 75696E74 		.ascii	"uint8\000"
 491      3800
 492              	.LASF7:
 493 00b8 6C6F6E67 		.ascii	"long unsigned int\000"
ARM GAS  C:\Users\214016~1\AppData\Local\Temp\cc0HBLai.s 			page 11


 493      20756E73 
 493      69676E65 
 493      6420696E 
 493      7400
 494              	.LASF23:
 495 00ca 2E5C6D61 		.ascii	".\\main.c\000"
 495      696E2E63 
 495      00
 496              	.LASF9:
 497 00d3 6C6F6E67 		.ascii	"long long unsigned int\000"
 497      206C6F6E 
 497      6720756E 
 497      7369676E 
 497      65642069 
 498              	.LASF3:
 499 00ea 73686F72 		.ascii	"short unsigned int\000"
 499      7420756E 
 499      7369676E 
 499      65642069 
 499      6E7400
 500              	.LASF19:
 501 00fd 444D415F 		.ascii	"DMA_1_TD\000"
 501      315F5444 
 501      00
 502              	.LASF1:
 503 0106 756E7369 		.ascii	"unsigned char\000"
 503      676E6564 
 503      20636861 
 503      7200
 504              	.LASF16:
 505 0114 63686172 		.ascii	"char\000"
 505      00
 506              	.LASF6:
 507 0119 75696E74 		.ascii	"uint32_t\000"
 507      33325F74 
 507      00
 508              	.LASF4:
 509 0122 6C6F6E67 		.ascii	"long int\000"
 509      20696E74 
 509      00
 510              	.LASF18:
 511 012b 444D415F 		.ascii	"DMA_1_Chan\000"
 511      315F4368 
 511      616E00
 512              	.LASF15:
 513 0136 646F7562 		.ascii	"double\000"
 513      6C6500
 514              	.LASF20:
 515 013d 49544D5F 		.ascii	"ITM_RxBuffer\000"
 515      52784275 
 515      66666572 
 515      00
 516              	.LASF0:
 517 014a 7369676E 		.ascii	"signed char\000"
 517      65642063 
 517      68617200 
 518              	.LASF14:
ARM GAS  C:\Users\214016~1\AppData\Local\Temp\cc0HBLai.s 			page 12


 519 0156 666C6F61 		.ascii	"float\000"
 519      7400
 520              	.LASF21:
 521 015c 646D615F 		.ascii	"dma_buffer\000"
 521      62756666 
 521      657200
 522              	.LASF2:
 523 0167 73686F72 		.ascii	"short int\000"
 523      7420696E 
 523      7400
 524              	.LASF12:
 525 0171 75696E74 		.ascii	"uint16\000"
 525      313600
 526              	.LASF5:
 527 0178 696E7433 		.ascii	"int32_t\000"
 527      325F7400 
 528              	.LASF17:
 529 0180 73697A65 		.ascii	"sizetype\000"
 529      74797065 
 529      00
 530              		.ident	"GCC: (GNU Tools for ARM Embedded Processors) 4.7.3 20130312 (release) [ARM/embedded-4_7-br
